<?xml version="1.0" encoding="UTF-8"?>
<!-- Generated by org.testng.reporters.JUnitReportReporter -->
<testsuite hostname="tarung" name="com.apiread.pack.ApiMethodcalls" tests="7" failures="0" timestamp="29 May 2016 07:46:43 GMT" time="0.017" errors="7">
  <testcase name="FchangeVehicleVehicleAlreadyAssigned" time="0.002" classname="com.apiread.pack.ApiMethodcalls">
    <error type="org.openqa.selenium.WebDriverException" message="An unknown server-side error occurred while processing the command. Original error: Error in waiting for device. Original error: &#039;Error executing adbExec. Original error: Command &#039;/home/tarun/Android/Sdk/platform-tools/adb -P 5037 -s &#039;adb server is out of date.  killing...&#039; wait-for-device&#039; timed out after 10000ms{&quot;stdout&quot;:&quot;&quot;,&quot;stderr&quot;:&quot;&quot;,&quot;code&quot;:null}&#039;. Retrying by restarting ADB (WARNING: The server did not provide any stacktrace information)
Command duration or timeout: 74.76 seconds
Build info: version: &#039;2.47.1&#039;, revision: &#039;411b314&#039;, time: &#039;2015-07-30 02:56:46&#039;
System info: host: &#039;tarung&#039;, ip: &#039;127.0.1.1&#039;, os.name: &#039;Linux&#039;, os.arch: &#039;amd64&#039;, os.version: &#039;3.13.0-36-generic&#039;, java.version: &#039;1.8.0_91&#039;
Driver info: io.appium.java_client.android.AndroidDriver">
      <![CDATA[org.openqa.selenium.WebDriverException: An unknown server-side error occurred while processing the command. Original error: Error in waiting for device. Original error: 'Error executing adbExec. Original error: Command '/home/tarun/Android/Sdk/platform-tools/adb -P 5037 -s 'adb server is out of date.  killing...' wait-for-device' timed out after 10000ms{"stdout":"","stderr":"","code":null}'. Retrying by restarting ADB (WARNING: The server did not provide any stacktrace information)
Command duration or timeout: 74.76 seconds
Build info: version: '2.47.1', revision: '411b314', time: '2015-07-30 02:56:46'
System info: host: 'tarung', ip: '127.0.1.1', os.name: 'Linux', os.arch: 'amd64', os.version: '3.13.0-36-generic', java.version: '1.8.0_91'
Driver info: io.appium.java_client.android.AndroidDriver
	at sun.reflect.NativeConstructorAccessorImpl.newInstance0(Native Method)
	at sun.reflect.NativeConstructorAccessorImpl.newInstance(NativeConstructorAccessorImpl.java:62)
	at sun.reflect.DelegatingConstructorAccessorImpl.newInstance(DelegatingConstructorAccessorImpl.java:45)
	at java.lang.reflect.Constructor.newInstance(Constructor.java:423)
	at org.openqa.selenium.remote.ErrorHandler.createThrowable(ErrorHandler.java:206)
	at org.openqa.selenium.remote.ErrorHandler.throwIfResponseFailed(ErrorHandler.java:158)
	at org.openqa.selenium.remote.RemoteWebDriver.execute(RemoteWebDriver.java:595)
	at io.appium.java_client.DefaultGenericMobileDriver.execute(DefaultGenericMobileDriver.java:43)
	at io.appium.java_client.AppiumDriver.execute(AppiumDriver.java:1)
	at io.appium.java_client.android.AndroidDriver.execute(AndroidDriver.java:1)
	at org.openqa.selenium.remote.RemoteWebDriver.startSession(RemoteWebDriver.java:242)
	at org.openqa.selenium.remote.RemoteWebDriver.<init>(RemoteWebDriver.java:128)
	at org.openqa.selenium.remote.RemoteWebDriver.<init>(RemoteWebDriver.java:141)
	at io.appium.java_client.DefaultGenericMobileDriver.<init>(DefaultGenericMobileDriver.java:39)
	at io.appium.java_client.AppiumDriver.<init>(AppiumDriver.java:69)
	at io.appium.java_client.AppiumDriver.<init>(AppiumDriver.java:78)
	at io.appium.java_client.android.AndroidDriver.<init>(AndroidDriver.java:67)
	at com.apiread.pack.ApiMethodcalls.testCaseSetup(ApiMethodcalls.java:43)
	at sun.reflect.NativeMethodAccessorImpl.invoke0(Native Method)
	at sun.reflect.NativeMethodAccessorImpl.invoke(NativeMethodAccessorImpl.java:62)
	at sun.reflect.DelegatingMethodAccessorImpl.invoke(DelegatingMethodAccessorImpl.java:43)
	at java.lang.reflect.Method.invoke(Method.java:498)
	at org.testng.internal.MethodInvocationHelper.invokeMethod(MethodInvocationHelper.java:86)
	at org.testng.internal.Invoker.invokeConfigurationMethod(Invoker.java:515)
	at org.testng.internal.Invoker.invokeConfigurations(Invoker.java:216)
	at org.testng.internal.Invoker.invokeConfigurations(Invoker.java:143)
	at org.testng.TestRunner.beforeRun(TestRunner.java:656)
	at org.testng.TestRunner.run(TestRunner.java:624)
	at org.testng.SuiteRunner.runTest(SuiteRunner.java:366)
	at org.testng.SuiteRunner.runSequentially(SuiteRunner.java:361)
	at org.testng.SuiteRunner.privateRun(SuiteRunner.java:319)
	at org.testng.SuiteRunner.run(SuiteRunner.java:268)
	at org.testng.SuiteRunnerWorker.runSuite(SuiteRunnerWorker.java:52)
	at org.testng.SuiteRunnerWorker.run(SuiteRunnerWorker.java:86)
	at org.testng.TestNG.runSuitesSequentially(TestNG.java:1225)
	at org.testng.TestNG.runSuitesLocally(TestNG.java:1150)
	at org.testng.TestNG.runSuites(TestNG.java:1075)
	at org.testng.TestNG.run(TestNG.java:1047)
	at org.testng.remote.AbstractRemoteTestNG.run(AbstractRemoteTestNG.java:126)
	at org.testng.remote.RemoteTestNG.initAndRun(RemoteTestNG.java:137)
	at org.testng.remote.RemoteTestNG.main(RemoteTestNG.java:58)
]]>
    </error>
  </testcase> <!-- FchangeVehicleVehicleAlreadyAssigned -->
  <testcase name="AinvalidPnumber" time="0.002" classname="com.apiread.pack.ApiMethodcalls">
    <error type="org.openqa.selenium.WebDriverException" message="An unknown server-side error occurred while processing the command. Original error: Error in waiting for device. Original error: &#039;Error executing adbExec. Original error: Command &#039;/home/tarun/Android/Sdk/platform-tools/adb -P 5037 -s &#039;adb server is out of date.  killing...&#039; wait-for-device&#039; timed out after 10000ms{&quot;stdout&quot;:&quot;&quot;,&quot;stderr&quot;:&quot;&quot;,&quot;code&quot;:null}&#039;. Retrying by restarting ADB (WARNING: The server did not provide any stacktrace information)
Command duration or timeout: 74.76 seconds
Build info: version: &#039;2.47.1&#039;, revision: &#039;411b314&#039;, time: &#039;2015-07-30 02:56:46&#039;
System info: host: &#039;tarung&#039;, ip: &#039;127.0.1.1&#039;, os.name: &#039;Linux&#039;, os.arch: &#039;amd64&#039;, os.version: &#039;3.13.0-36-generic&#039;, java.version: &#039;1.8.0_91&#039;
Driver info: io.appium.java_client.android.AndroidDriver">
      <![CDATA[org.openqa.selenium.WebDriverException: An unknown server-side error occurred while processing the command. Original error: Error in waiting for device. Original error: 'Error executing adbExec. Original error: Command '/home/tarun/Android/Sdk/platform-tools/adb -P 5037 -s 'adb server is out of date.  killing...' wait-for-device' timed out after 10000ms{"stdout":"","stderr":"","code":null}'. Retrying by restarting ADB (WARNING: The server did not provide any stacktrace information)
Command duration or timeout: 74.76 seconds
Build info: version: '2.47.1', revision: '411b314', time: '2015-07-30 02:56:46'
System info: host: 'tarung', ip: '127.0.1.1', os.name: 'Linux', os.arch: 'amd64', os.version: '3.13.0-36-generic', java.version: '1.8.0_91'
Driver info: io.appium.java_client.android.AndroidDriver
	at sun.reflect.NativeConstructorAccessorImpl.newInstance0(Native Method)
	at sun.reflect.NativeConstructorAccessorImpl.newInstance(NativeConstructorAccessorImpl.java:62)
	at sun.reflect.DelegatingConstructorAccessorImpl.newInstance(DelegatingConstructorAccessorImpl.java:45)
	at java.lang.reflect.Constructor.newInstance(Constructor.java:423)
	at org.openqa.selenium.remote.ErrorHandler.createThrowable(ErrorHandler.java:206)
	at org.openqa.selenium.remote.ErrorHandler.throwIfResponseFailed(ErrorHandler.java:158)
	at org.openqa.selenium.remote.RemoteWebDriver.execute(RemoteWebDriver.java:595)
	at io.appium.java_client.DefaultGenericMobileDriver.execute(DefaultGenericMobileDriver.java:43)
	at io.appium.java_client.AppiumDriver.execute(AppiumDriver.java:1)
	at io.appium.java_client.android.AndroidDriver.execute(AndroidDriver.java:1)
	at org.openqa.selenium.remote.RemoteWebDriver.startSession(RemoteWebDriver.java:242)
	at org.openqa.selenium.remote.RemoteWebDriver.<init>(RemoteWebDriver.java:128)
	at org.openqa.selenium.remote.RemoteWebDriver.<init>(RemoteWebDriver.java:141)
	at io.appium.java_client.DefaultGenericMobileDriver.<init>(DefaultGenericMobileDriver.java:39)
	at io.appium.java_client.AppiumDriver.<init>(AppiumDriver.java:69)
	at io.appium.java_client.AppiumDriver.<init>(AppiumDriver.java:78)
	at io.appium.java_client.android.AndroidDriver.<init>(AndroidDriver.java:67)
	at com.apiread.pack.ApiMethodcalls.testCaseSetup(ApiMethodcalls.java:43)
	at sun.reflect.NativeMethodAccessorImpl.invoke0(Native Method)
	at sun.reflect.NativeMethodAccessorImpl.invoke(NativeMethodAccessorImpl.java:62)
	at sun.reflect.DelegatingMethodAccessorImpl.invoke(DelegatingMethodAccessorImpl.java:43)
	at java.lang.reflect.Method.invoke(Method.java:498)
	at org.testng.internal.MethodInvocationHelper.invokeMethod(MethodInvocationHelper.java:86)
	at org.testng.internal.Invoker.invokeConfigurationMethod(Invoker.java:515)
	at org.testng.internal.Invoker.invokeConfigurations(Invoker.java:216)
	at org.testng.internal.Invoker.invokeConfigurations(Invoker.java:143)
	at org.testng.TestRunner.beforeRun(TestRunner.java:656)
	at org.testng.TestRunner.run(TestRunner.java:624)
	at org.testng.SuiteRunner.runTest(SuiteRunner.java:366)
	at org.testng.SuiteRunner.runSequentially(SuiteRunner.java:361)
	at org.testng.SuiteRunner.privateRun(SuiteRunner.java:319)
	at org.testng.SuiteRunner.run(SuiteRunner.java:268)
	at org.testng.SuiteRunnerWorker.runSuite(SuiteRunnerWorker.java:52)
	at org.testng.SuiteRunnerWorker.run(SuiteRunnerWorker.java:86)
	at org.testng.TestNG.runSuitesSequentially(TestNG.java:1225)
	at org.testng.TestNG.runSuitesLocally(TestNG.java:1150)
	at org.testng.TestNG.runSuites(TestNG.java:1075)
	at org.testng.TestNG.run(TestNG.java:1047)
	at org.testng.remote.AbstractRemoteTestNG.run(AbstractRemoteTestNG.java:126)
	at org.testng.remote.RemoteTestNG.initAndRun(RemoteTestNG.java:137)
	at org.testng.remote.RemoteTestNG.main(RemoteTestNG.java:58)
]]>
    </error>
  </testcase> <!-- AinvalidPnumber -->
  <testcase name="CivrConfirmationFalse" time="0.001" classname="com.apiread.pack.ApiMethodcalls">
    <error type="org.openqa.selenium.WebDriverException" message="An unknown server-side error occurred while processing the command. Original error: Error in waiting for device. Original error: &#039;Error executing adbExec. Original error: Command &#039;/home/tarun/Android/Sdk/platform-tools/adb -P 5037 -s &#039;adb server is out of date.  killing...&#039; wait-for-device&#039; timed out after 10000ms{&quot;stdout&quot;:&quot;&quot;,&quot;stderr&quot;:&quot;&quot;,&quot;code&quot;:null}&#039;. Retrying by restarting ADB (WARNING: The server did not provide any stacktrace information)
Command duration or timeout: 74.76 seconds
Build info: version: &#039;2.47.1&#039;, revision: &#039;411b314&#039;, time: &#039;2015-07-30 02:56:46&#039;
System info: host: &#039;tarung&#039;, ip: &#039;127.0.1.1&#039;, os.name: &#039;Linux&#039;, os.arch: &#039;amd64&#039;, os.version: &#039;3.13.0-36-generic&#039;, java.version: &#039;1.8.0_91&#039;
Driver info: io.appium.java_client.android.AndroidDriver">
      <![CDATA[org.openqa.selenium.WebDriverException: An unknown server-side error occurred while processing the command. Original error: Error in waiting for device. Original error: 'Error executing adbExec. Original error: Command '/home/tarun/Android/Sdk/platform-tools/adb -P 5037 -s 'adb server is out of date.  killing...' wait-for-device' timed out after 10000ms{"stdout":"","stderr":"","code":null}'. Retrying by restarting ADB (WARNING: The server did not provide any stacktrace information)
Command duration or timeout: 74.76 seconds
Build info: version: '2.47.1', revision: '411b314', time: '2015-07-30 02:56:46'
System info: host: 'tarung', ip: '127.0.1.1', os.name: 'Linux', os.arch: 'amd64', os.version: '3.13.0-36-generic', java.version: '1.8.0_91'
Driver info: io.appium.java_client.android.AndroidDriver
	at sun.reflect.NativeConstructorAccessorImpl.newInstance0(Native Method)
	at sun.reflect.NativeConstructorAccessorImpl.newInstance(NativeConstructorAccessorImpl.java:62)
	at sun.reflect.DelegatingConstructorAccessorImpl.newInstance(DelegatingConstructorAccessorImpl.java:45)
	at java.lang.reflect.Constructor.newInstance(Constructor.java:423)
	at org.openqa.selenium.remote.ErrorHandler.createThrowable(ErrorHandler.java:206)
	at org.openqa.selenium.remote.ErrorHandler.throwIfResponseFailed(ErrorHandler.java:158)
	at org.openqa.selenium.remote.RemoteWebDriver.execute(RemoteWebDriver.java:595)
	at io.appium.java_client.DefaultGenericMobileDriver.execute(DefaultGenericMobileDriver.java:43)
	at io.appium.java_client.AppiumDriver.execute(AppiumDriver.java:1)
	at io.appium.java_client.android.AndroidDriver.execute(AndroidDriver.java:1)
	at org.openqa.selenium.remote.RemoteWebDriver.startSession(RemoteWebDriver.java:242)
	at org.openqa.selenium.remote.RemoteWebDriver.<init>(RemoteWebDriver.java:128)
	at org.openqa.selenium.remote.RemoteWebDriver.<init>(RemoteWebDriver.java:141)
	at io.appium.java_client.DefaultGenericMobileDriver.<init>(DefaultGenericMobileDriver.java:39)
	at io.appium.java_client.AppiumDriver.<init>(AppiumDriver.java:69)
	at io.appium.java_client.AppiumDriver.<init>(AppiumDriver.java:78)
	at io.appium.java_client.android.AndroidDriver.<init>(AndroidDriver.java:67)
	at com.apiread.pack.ApiMethodcalls.testCaseSetup(ApiMethodcalls.java:43)
	at sun.reflect.NativeMethodAccessorImpl.invoke0(Native Method)
	at sun.reflect.NativeMethodAccessorImpl.invoke(NativeMethodAccessorImpl.java:62)
	at sun.reflect.DelegatingMethodAccessorImpl.invoke(DelegatingMethodAccessorImpl.java:43)
	at java.lang.reflect.Method.invoke(Method.java:498)
	at org.testng.internal.MethodInvocationHelper.invokeMethod(MethodInvocationHelper.java:86)
	at org.testng.internal.Invoker.invokeConfigurationMethod(Invoker.java:515)
	at org.testng.internal.Invoker.invokeConfigurations(Invoker.java:216)
	at org.testng.internal.Invoker.invokeConfigurations(Invoker.java:143)
	at org.testng.TestRunner.beforeRun(TestRunner.java:656)
	at org.testng.TestRunner.run(TestRunner.java:624)
	at org.testng.SuiteRunner.runTest(SuiteRunner.java:366)
	at org.testng.SuiteRunner.runSequentially(SuiteRunner.java:361)
	at org.testng.SuiteRunner.privateRun(SuiteRunner.java:319)
	at org.testng.SuiteRunner.run(SuiteRunner.java:268)
	at org.testng.SuiteRunnerWorker.runSuite(SuiteRunnerWorker.java:52)
	at org.testng.SuiteRunnerWorker.run(SuiteRunnerWorker.java:86)
	at org.testng.TestNG.runSuitesSequentially(TestNG.java:1225)
	at org.testng.TestNG.runSuitesLocally(TestNG.java:1150)
	at org.testng.TestNG.runSuites(TestNG.java:1075)
	at org.testng.TestNG.run(TestNG.java:1047)
	at org.testng.remote.AbstractRemoteTestNG.run(AbstractRemoteTestNG.java:126)
	at org.testng.remote.RemoteTestNG.initAndRun(RemoteTestNG.java:137)
	at org.testng.remote.RemoteTestNG.main(RemoteTestNG.java:58)
]]>
    </error>
  </testcase> <!-- CivrConfirmationFalse -->
  <testcase name="DchangeVehicleIvrConfirmationTrue" time="0.002" classname="com.apiread.pack.ApiMethodcalls">
    <error type="org.openqa.selenium.WebDriverException" message="An unknown server-side error occurred while processing the command. Original error: Error in waiting for device. Original error: &#039;Error executing adbExec. Original error: Command &#039;/home/tarun/Android/Sdk/platform-tools/adb -P 5037 -s &#039;adb server is out of date.  killing...&#039; wait-for-device&#039; timed out after 10000ms{&quot;stdout&quot;:&quot;&quot;,&quot;stderr&quot;:&quot;&quot;,&quot;code&quot;:null}&#039;. Retrying by restarting ADB (WARNING: The server did not provide any stacktrace information)
Command duration or timeout: 74.76 seconds
Build info: version: &#039;2.47.1&#039;, revision: &#039;411b314&#039;, time: &#039;2015-07-30 02:56:46&#039;
System info: host: &#039;tarung&#039;, ip: &#039;127.0.1.1&#039;, os.name: &#039;Linux&#039;, os.arch: &#039;amd64&#039;, os.version: &#039;3.13.0-36-generic&#039;, java.version: &#039;1.8.0_91&#039;
Driver info: io.appium.java_client.android.AndroidDriver">
      <![CDATA[org.openqa.selenium.WebDriverException: An unknown server-side error occurred while processing the command. Original error: Error in waiting for device. Original error: 'Error executing adbExec. Original error: Command '/home/tarun/Android/Sdk/platform-tools/adb -P 5037 -s 'adb server is out of date.  killing...' wait-for-device' timed out after 10000ms{"stdout":"","stderr":"","code":null}'. Retrying by restarting ADB (WARNING: The server did not provide any stacktrace information)
Command duration or timeout: 74.76 seconds
Build info: version: '2.47.1', revision: '411b314', time: '2015-07-30 02:56:46'
System info: host: 'tarung', ip: '127.0.1.1', os.name: 'Linux', os.arch: 'amd64', os.version: '3.13.0-36-generic', java.version: '1.8.0_91'
Driver info: io.appium.java_client.android.AndroidDriver
	at sun.reflect.NativeConstructorAccessorImpl.newInstance0(Native Method)
	at sun.reflect.NativeConstructorAccessorImpl.newInstance(NativeConstructorAccessorImpl.java:62)
	at sun.reflect.DelegatingConstructorAccessorImpl.newInstance(DelegatingConstructorAccessorImpl.java:45)
	at java.lang.reflect.Constructor.newInstance(Constructor.java:423)
	at org.openqa.selenium.remote.ErrorHandler.createThrowable(ErrorHandler.java:206)
	at org.openqa.selenium.remote.ErrorHandler.throwIfResponseFailed(ErrorHandler.java:158)
	at org.openqa.selenium.remote.RemoteWebDriver.execute(RemoteWebDriver.java:595)
	at io.appium.java_client.DefaultGenericMobileDriver.execute(DefaultGenericMobileDriver.java:43)
	at io.appium.java_client.AppiumDriver.execute(AppiumDriver.java:1)
	at io.appium.java_client.android.AndroidDriver.execute(AndroidDriver.java:1)
	at org.openqa.selenium.remote.RemoteWebDriver.startSession(RemoteWebDriver.java:242)
	at org.openqa.selenium.remote.RemoteWebDriver.<init>(RemoteWebDriver.java:128)
	at org.openqa.selenium.remote.RemoteWebDriver.<init>(RemoteWebDriver.java:141)
	at io.appium.java_client.DefaultGenericMobileDriver.<init>(DefaultGenericMobileDriver.java:39)
	at io.appium.java_client.AppiumDriver.<init>(AppiumDriver.java:69)
	at io.appium.java_client.AppiumDriver.<init>(AppiumDriver.java:78)
	at io.appium.java_client.android.AndroidDriver.<init>(AndroidDriver.java:67)
	at com.apiread.pack.ApiMethodcalls.testCaseSetup(ApiMethodcalls.java:43)
	at sun.reflect.NativeMethodAccessorImpl.invoke0(Native Method)
	at sun.reflect.NativeMethodAccessorImpl.invoke(NativeMethodAccessorImpl.java:62)
	at sun.reflect.DelegatingMethodAccessorImpl.invoke(DelegatingMethodAccessorImpl.java:43)
	at java.lang.reflect.Method.invoke(Method.java:498)
	at org.testng.internal.MethodInvocationHelper.invokeMethod(MethodInvocationHelper.java:86)
	at org.testng.internal.Invoker.invokeConfigurationMethod(Invoker.java:515)
	at org.testng.internal.Invoker.invokeConfigurations(Invoker.java:216)
	at org.testng.internal.Invoker.invokeConfigurations(Invoker.java:143)
	at org.testng.TestRunner.beforeRun(TestRunner.java:656)
	at org.testng.TestRunner.run(TestRunner.java:624)
	at org.testng.SuiteRunner.runTest(SuiteRunner.java:366)
	at org.testng.SuiteRunner.runSequentially(SuiteRunner.java:361)
	at org.testng.SuiteRunner.privateRun(SuiteRunner.java:319)
	at org.testng.SuiteRunner.run(SuiteRunner.java:268)
	at org.testng.SuiteRunnerWorker.runSuite(SuiteRunnerWorker.java:52)
	at org.testng.SuiteRunnerWorker.run(SuiteRunnerWorker.java:86)
	at org.testng.TestNG.runSuitesSequentially(TestNG.java:1225)
	at org.testng.TestNG.runSuitesLocally(TestNG.java:1150)
	at org.testng.TestNG.runSuites(TestNG.java:1075)
	at org.testng.TestNG.run(TestNG.java:1047)
	at org.testng.remote.AbstractRemoteTestNG.run(AbstractRemoteTestNG.java:126)
	at org.testng.remote.RemoteTestNG.initAndRun(RemoteTestNG.java:137)
	at org.testng.remote.RemoteTestNG.main(RemoteTestNG.java:58)
]]>
    </error>
  </testcase> <!-- DchangeVehicleIvrConfirmationTrue -->
  <testcase name="BivrConfirmationTrue" time="0.001" classname="com.apiread.pack.ApiMethodcalls">
    <error type="org.openqa.selenium.WebDriverException" message="An unknown server-side error occurred while processing the command. Original error: Error in waiting for device. Original error: &#039;Error executing adbExec. Original error: Command &#039;/home/tarun/Android/Sdk/platform-tools/adb -P 5037 -s &#039;adb server is out of date.  killing...&#039; wait-for-device&#039; timed out after 10000ms{&quot;stdout&quot;:&quot;&quot;,&quot;stderr&quot;:&quot;&quot;,&quot;code&quot;:null}&#039;. Retrying by restarting ADB (WARNING: The server did not provide any stacktrace information)
Command duration or timeout: 74.76 seconds
Build info: version: &#039;2.47.1&#039;, revision: &#039;411b314&#039;, time: &#039;2015-07-30 02:56:46&#039;
System info: host: &#039;tarung&#039;, ip: &#039;127.0.1.1&#039;, os.name: &#039;Linux&#039;, os.arch: &#039;amd64&#039;, os.version: &#039;3.13.0-36-generic&#039;, java.version: &#039;1.8.0_91&#039;
Driver info: io.appium.java_client.android.AndroidDriver">
      <![CDATA[org.openqa.selenium.WebDriverException: An unknown server-side error occurred while processing the command. Original error: Error in waiting for device. Original error: 'Error executing adbExec. Original error: Command '/home/tarun/Android/Sdk/platform-tools/adb -P 5037 -s 'adb server is out of date.  killing...' wait-for-device' timed out after 10000ms{"stdout":"","stderr":"","code":null}'. Retrying by restarting ADB (WARNING: The server did not provide any stacktrace information)
Command duration or timeout: 74.76 seconds
Build info: version: '2.47.1', revision: '411b314', time: '2015-07-30 02:56:46'
System info: host: 'tarung', ip: '127.0.1.1', os.name: 'Linux', os.arch: 'amd64', os.version: '3.13.0-36-generic', java.version: '1.8.0_91'
Driver info: io.appium.java_client.android.AndroidDriver
	at sun.reflect.NativeConstructorAccessorImpl.newInstance0(Native Method)
	at sun.reflect.NativeConstructorAccessorImpl.newInstance(NativeConstructorAccessorImpl.java:62)
	at sun.reflect.DelegatingConstructorAccessorImpl.newInstance(DelegatingConstructorAccessorImpl.java:45)
	at java.lang.reflect.Constructor.newInstance(Constructor.java:423)
	at org.openqa.selenium.remote.ErrorHandler.createThrowable(ErrorHandler.java:206)
	at org.openqa.selenium.remote.ErrorHandler.throwIfResponseFailed(ErrorHandler.java:158)
	at org.openqa.selenium.remote.RemoteWebDriver.execute(RemoteWebDriver.java:595)
	at io.appium.java_client.DefaultGenericMobileDriver.execute(DefaultGenericMobileDriver.java:43)
	at io.appium.java_client.AppiumDriver.execute(AppiumDriver.java:1)
	at io.appium.java_client.android.AndroidDriver.execute(AndroidDriver.java:1)
	at org.openqa.selenium.remote.RemoteWebDriver.startSession(RemoteWebDriver.java:242)
	at org.openqa.selenium.remote.RemoteWebDriver.<init>(RemoteWebDriver.java:128)
	at org.openqa.selenium.remote.RemoteWebDriver.<init>(RemoteWebDriver.java:141)
	at io.appium.java_client.DefaultGenericMobileDriver.<init>(DefaultGenericMobileDriver.java:39)
	at io.appium.java_client.AppiumDriver.<init>(AppiumDriver.java:69)
	at io.appium.java_client.AppiumDriver.<init>(AppiumDriver.java:78)
	at io.appium.java_client.android.AndroidDriver.<init>(AndroidDriver.java:67)
	at com.apiread.pack.ApiMethodcalls.testCaseSetup(ApiMethodcalls.java:43)
	at sun.reflect.NativeMethodAccessorImpl.invoke0(Native Method)
	at sun.reflect.NativeMethodAccessorImpl.invoke(NativeMethodAccessorImpl.java:62)
	at sun.reflect.DelegatingMethodAccessorImpl.invoke(DelegatingMethodAccessorImpl.java:43)
	at java.lang.reflect.Method.invoke(Method.java:498)
	at org.testng.internal.MethodInvocationHelper.invokeMethod(MethodInvocationHelper.java:86)
	at org.testng.internal.Invoker.invokeConfigurationMethod(Invoker.java:515)
	at org.testng.internal.Invoker.invokeConfigurations(Invoker.java:216)
	at org.testng.internal.Invoker.invokeConfigurations(Invoker.java:143)
	at org.testng.TestRunner.beforeRun(TestRunner.java:656)
	at org.testng.TestRunner.run(TestRunner.java:624)
	at org.testng.SuiteRunner.runTest(SuiteRunner.java:366)
	at org.testng.SuiteRunner.runSequentially(SuiteRunner.java:361)
	at org.testng.SuiteRunner.privateRun(SuiteRunner.java:319)
	at org.testng.SuiteRunner.run(SuiteRunner.java:268)
	at org.testng.SuiteRunnerWorker.runSuite(SuiteRunnerWorker.java:52)
	at org.testng.SuiteRunnerWorker.run(SuiteRunnerWorker.java:86)
	at org.testng.TestNG.runSuitesSequentially(TestNG.java:1225)
	at org.testng.TestNG.runSuitesLocally(TestNG.java:1150)
	at org.testng.TestNG.runSuites(TestNG.java:1075)
	at org.testng.TestNG.run(TestNG.java:1047)
	at org.testng.remote.AbstractRemoteTestNG.run(AbstractRemoteTestNG.java:126)
	at org.testng.remote.RemoteTestNG.initAndRun(RemoteTestNG.java:137)
	at org.testng.remote.RemoteTestNG.main(RemoteTestNG.java:58)
]]>
    </error>
  </testcase> <!-- BivrConfirmationTrue -->
  <testcase name="EchangeVehicleIvrConfirmationFalse" time="0.002" classname="com.apiread.pack.ApiMethodcalls">
    <error type="org.openqa.selenium.WebDriverException" message="An unknown server-side error occurred while processing the command. Original error: Error in waiting for device. Original error: &#039;Error executing adbExec. Original error: Command &#039;/home/tarun/Android/Sdk/platform-tools/adb -P 5037 -s &#039;adb server is out of date.  killing...&#039; wait-for-device&#039; timed out after 10000ms{&quot;stdout&quot;:&quot;&quot;,&quot;stderr&quot;:&quot;&quot;,&quot;code&quot;:null}&#039;. Retrying by restarting ADB (WARNING: The server did not provide any stacktrace information)
Command duration or timeout: 74.76 seconds
Build info: version: &#039;2.47.1&#039;, revision: &#039;411b314&#039;, time: &#039;2015-07-30 02:56:46&#039;
System info: host: &#039;tarung&#039;, ip: &#039;127.0.1.1&#039;, os.name: &#039;Linux&#039;, os.arch: &#039;amd64&#039;, os.version: &#039;3.13.0-36-generic&#039;, java.version: &#039;1.8.0_91&#039;
Driver info: io.appium.java_client.android.AndroidDriver">
      <![CDATA[org.openqa.selenium.WebDriverException: An unknown server-side error occurred while processing the command. Original error: Error in waiting for device. Original error: 'Error executing adbExec. Original error: Command '/home/tarun/Android/Sdk/platform-tools/adb -P 5037 -s 'adb server is out of date.  killing...' wait-for-device' timed out after 10000ms{"stdout":"","stderr":"","code":null}'. Retrying by restarting ADB (WARNING: The server did not provide any stacktrace information)
Command duration or timeout: 74.76 seconds
Build info: version: '2.47.1', revision: '411b314', time: '2015-07-30 02:56:46'
System info: host: 'tarung', ip: '127.0.1.1', os.name: 'Linux', os.arch: 'amd64', os.version: '3.13.0-36-generic', java.version: '1.8.0_91'
Driver info: io.appium.java_client.android.AndroidDriver
	at sun.reflect.NativeConstructorAccessorImpl.newInstance0(Native Method)
	at sun.reflect.NativeConstructorAccessorImpl.newInstance(NativeConstructorAccessorImpl.java:62)
	at sun.reflect.DelegatingConstructorAccessorImpl.newInstance(DelegatingConstructorAccessorImpl.java:45)
	at java.lang.reflect.Constructor.newInstance(Constructor.java:423)
	at org.openqa.selenium.remote.ErrorHandler.createThrowable(ErrorHandler.java:206)
	at org.openqa.selenium.remote.ErrorHandler.throwIfResponseFailed(ErrorHandler.java:158)
	at org.openqa.selenium.remote.RemoteWebDriver.execute(RemoteWebDriver.java:595)
	at io.appium.java_client.DefaultGenericMobileDriver.execute(DefaultGenericMobileDriver.java:43)
	at io.appium.java_client.AppiumDriver.execute(AppiumDriver.java:1)
	at io.appium.java_client.android.AndroidDriver.execute(AndroidDriver.java:1)
	at org.openqa.selenium.remote.RemoteWebDriver.startSession(RemoteWebDriver.java:242)
	at org.openqa.selenium.remote.RemoteWebDriver.<init>(RemoteWebDriver.java:128)
	at org.openqa.selenium.remote.RemoteWebDriver.<init>(RemoteWebDriver.java:141)
	at io.appium.java_client.DefaultGenericMobileDriver.<init>(DefaultGenericMobileDriver.java:39)
	at io.appium.java_client.AppiumDriver.<init>(AppiumDriver.java:69)
	at io.appium.java_client.AppiumDriver.<init>(AppiumDriver.java:78)
	at io.appium.java_client.android.AndroidDriver.<init>(AndroidDriver.java:67)
	at com.apiread.pack.ApiMethodcalls.testCaseSetup(ApiMethodcalls.java:43)
	at sun.reflect.NativeMethodAccessorImpl.invoke0(Native Method)
	at sun.reflect.NativeMethodAccessorImpl.invoke(NativeMethodAccessorImpl.java:62)
	at sun.reflect.DelegatingMethodAccessorImpl.invoke(DelegatingMethodAccessorImpl.java:43)
	at java.lang.reflect.Method.invoke(Method.java:498)
	at org.testng.internal.MethodInvocationHelper.invokeMethod(MethodInvocationHelper.java:86)
	at org.testng.internal.Invoker.invokeConfigurationMethod(Invoker.java:515)
	at org.testng.internal.Invoker.invokeConfigurations(Invoker.java:216)
	at org.testng.internal.Invoker.invokeConfigurations(Invoker.java:143)
	at org.testng.TestRunner.beforeRun(TestRunner.java:656)
	at org.testng.TestRunner.run(TestRunner.java:624)
	at org.testng.SuiteRunner.runTest(SuiteRunner.java:366)
	at org.testng.SuiteRunner.runSequentially(SuiteRunner.java:361)
	at org.testng.SuiteRunner.privateRun(SuiteRunner.java:319)
	at org.testng.SuiteRunner.run(SuiteRunner.java:268)
	at org.testng.SuiteRunnerWorker.runSuite(SuiteRunnerWorker.java:52)
	at org.testng.SuiteRunnerWorker.run(SuiteRunnerWorker.java:86)
	at org.testng.TestNG.runSuitesSequentially(TestNG.java:1225)
	at org.testng.TestNG.runSuitesLocally(TestNG.java:1150)
	at org.testng.TestNG.runSuites(TestNG.java:1075)
	at org.testng.TestNG.run(TestNG.java:1047)
	at org.testng.remote.AbstractRemoteTestNG.run(AbstractRemoteTestNG.java:126)
	at org.testng.remote.RemoteTestNG.initAndRun(RemoteTestNG.java:137)
	at org.testng.remote.RemoteTestNG.main(RemoteTestNG.java:58)
]]>
    </error>
  </testcase> <!-- EchangeVehicleIvrConfirmationFalse -->
  <testcase name="GvehicleMarkAsAbsent" time="0.007" classname="com.apiread.pack.ApiMethodcalls">
    <error type="org.openqa.selenium.WebDriverException" message="An unknown server-side error occurred while processing the command. Original error: Error in waiting for device. Original error: &#039;Error executing adbExec. Original error: Command &#039;/home/tarun/Android/Sdk/platform-tools/adb -P 5037 -s &#039;adb server is out of date.  killing...&#039; wait-for-device&#039; timed out after 10000ms{&quot;stdout&quot;:&quot;&quot;,&quot;stderr&quot;:&quot;&quot;,&quot;code&quot;:null}&#039;. Retrying by restarting ADB (WARNING: The server did not provide any stacktrace information)
Command duration or timeout: 74.76 seconds
Build info: version: &#039;2.47.1&#039;, revision: &#039;411b314&#039;, time: &#039;2015-07-30 02:56:46&#039;
System info: host: &#039;tarung&#039;, ip: &#039;127.0.1.1&#039;, os.name: &#039;Linux&#039;, os.arch: &#039;amd64&#039;, os.version: &#039;3.13.0-36-generic&#039;, java.version: &#039;1.8.0_91&#039;
Driver info: io.appium.java_client.android.AndroidDriver">
      <![CDATA[org.openqa.selenium.WebDriverException: An unknown server-side error occurred while processing the command. Original error: Error in waiting for device. Original error: 'Error executing adbExec. Original error: Command '/home/tarun/Android/Sdk/platform-tools/adb -P 5037 -s 'adb server is out of date.  killing...' wait-for-device' timed out after 10000ms{"stdout":"","stderr":"","code":null}'. Retrying by restarting ADB (WARNING: The server did not provide any stacktrace information)
Command duration or timeout: 74.76 seconds
Build info: version: '2.47.1', revision: '411b314', time: '2015-07-30 02:56:46'
System info: host: 'tarung', ip: '127.0.1.1', os.name: 'Linux', os.arch: 'amd64', os.version: '3.13.0-36-generic', java.version: '1.8.0_91'
Driver info: io.appium.java_client.android.AndroidDriver
	at sun.reflect.NativeConstructorAccessorImpl.newInstance0(Native Method)
	at sun.reflect.NativeConstructorAccessorImpl.newInstance(NativeConstructorAccessorImpl.java:62)
	at sun.reflect.DelegatingConstructorAccessorImpl.newInstance(DelegatingConstructorAccessorImpl.java:45)
	at java.lang.reflect.Constructor.newInstance(Constructor.java:423)
	at org.openqa.selenium.remote.ErrorHandler.createThrowable(ErrorHandler.java:206)
	at org.openqa.selenium.remote.ErrorHandler.throwIfResponseFailed(ErrorHandler.java:158)
	at org.openqa.selenium.remote.RemoteWebDriver.execute(RemoteWebDriver.java:595)
	at io.appium.java_client.DefaultGenericMobileDriver.execute(DefaultGenericMobileDriver.java:43)
	at io.appium.java_client.AppiumDriver.execute(AppiumDriver.java:1)
	at io.appium.java_client.android.AndroidDriver.execute(AndroidDriver.java:1)
	at org.openqa.selenium.remote.RemoteWebDriver.startSession(RemoteWebDriver.java:242)
	at org.openqa.selenium.remote.RemoteWebDriver.<init>(RemoteWebDriver.java:128)
	at org.openqa.selenium.remote.RemoteWebDriver.<init>(RemoteWebDriver.java:141)
	at io.appium.java_client.DefaultGenericMobileDriver.<init>(DefaultGenericMobileDriver.java:39)
	at io.appium.java_client.AppiumDriver.<init>(AppiumDriver.java:69)
	at io.appium.java_client.AppiumDriver.<init>(AppiumDriver.java:78)
	at io.appium.java_client.android.AndroidDriver.<init>(AndroidDriver.java:67)
	at com.apiread.pack.ApiMethodcalls.testCaseSetup(ApiMethodcalls.java:43)
	at sun.reflect.NativeMethodAccessorImpl.invoke0(Native Method)
	at sun.reflect.NativeMethodAccessorImpl.invoke(NativeMethodAccessorImpl.java:62)
	at sun.reflect.DelegatingMethodAccessorImpl.invoke(DelegatingMethodAccessorImpl.java:43)
	at java.lang.reflect.Method.invoke(Method.java:498)
	at org.testng.internal.MethodInvocationHelper.invokeMethod(MethodInvocationHelper.java:86)
	at org.testng.internal.Invoker.invokeConfigurationMethod(Invoker.java:515)
	at org.testng.internal.Invoker.invokeConfigurations(Invoker.java:216)
	at org.testng.internal.Invoker.invokeConfigurations(Invoker.java:143)
	at org.testng.TestRunner.beforeRun(TestRunner.java:656)
	at org.testng.TestRunner.run(TestRunner.java:624)
	at org.testng.SuiteRunner.runTest(SuiteRunner.java:366)
	at org.testng.SuiteRunner.runSequentially(SuiteRunner.java:361)
	at org.testng.SuiteRunner.privateRun(SuiteRunner.java:319)
	at org.testng.SuiteRunner.run(SuiteRunner.java:268)
	at org.testng.SuiteRunnerWorker.runSuite(SuiteRunnerWorker.java:52)
	at org.testng.SuiteRunnerWorker.run(SuiteRunnerWorker.java:86)
	at org.testng.TestNG.runSuitesSequentially(TestNG.java:1225)
	at org.testng.TestNG.runSuitesLocally(TestNG.java:1150)
	at org.testng.TestNG.runSuites(TestNG.java:1075)
	at org.testng.TestNG.run(TestNG.java:1047)
	at org.testng.remote.AbstractRemoteTestNG.run(AbstractRemoteTestNG.java:126)
	at org.testng.remote.RemoteTestNG.initAndRun(RemoteTestNG.java:137)
	at org.testng.remote.RemoteTestNG.main(RemoteTestNG.java:58)
]]>
    </error>
  </testcase> <!-- GvehicleMarkAsAbsent -->
</testsuite> <!-- com.apiread.pack.ApiMethodcalls -->
